2017-02-16 14:30:05,461 INFO  wx_passwordApp - -- program start --
2017-02-16 14:30:05,461 INFO  wx_passwordApp - password storage project - fat client component
2017-02-16 14:30:05,461 INFO  wx_passwordApp - -------------------------------------------
2017-02-16 14:30:05,461 INFO  wx_passwordApp - wxWidgets fat client where target server is deployed at VPS which is online all the time
2017-02-16 14:30:05,461 INFO  wx_passwordApp - client needs to show stored passwords and enable CRUD of password information
2017-02-16 14:30:05,461 INFO  wx_passwordApp - 
2017-02-16 14:30:05,461 INFO  wx_passwordApp - log4cxx configuration successfully parsed
2017-02-16 14:32:00,662 INFO  wx_passwordApp - -- program start --
2017-02-16 14:32:00,662 INFO  wx_passwordApp - password storage project - fat client component
2017-02-16 14:32:00,662 INFO  wx_passwordApp - -------------------------------------------
2017-02-16 14:32:00,662 INFO  wx_passwordApp - wxWidgets fat client where target server is deployed at VPS which is online all the time
2017-02-16 14:32:00,662 INFO  wx_passwordApp - client needs to show stored passwords and enable CRUD of password information
2017-02-16 14:32:00,662 INFO  wx_passwordApp - 
2017-02-16 14:32:00,662 INFO  wx_passwordApp - log4cxx configuration successfully parsed
2017-02-16 14:32:21,805 INFO  wx_passwordApp - -- program start --
2017-02-16 14:32:21,805 INFO  wx_passwordApp - password storage project - fat client component
2017-02-16 14:32:21,805 INFO  wx_passwordApp - -------------------------------------------
2017-02-16 14:32:21,805 INFO  wx_passwordApp - wxWidgets fat client where target server is deployed at VPS which is online all the time
2017-02-16 14:32:21,805 INFO  wx_passwordApp - client needs to show stored passwords and enable CRUD of password information
2017-02-16 14:32:21,806 INFO  wx_passwordApp - 
2017-02-16 14:32:21,806 INFO  wx_passwordApp - log4cxx configuration successfully parsed
2017-02-16 14:32:43,471 INFO  wx_passwordApp - -- program start --
2017-02-16 14:32:43,471 INFO  wx_passwordApp - password storage project - fat client component
2017-02-16 14:32:43,471 INFO  wx_passwordApp - -------------------------------------------
2017-02-16 14:32:43,471 INFO  wx_passwordApp - wxWidgets fat client where target server is deployed at VPS which is online all the time
2017-02-16 14:32:43,471 INFO  wx_passwordApp - client needs to show stored passwords and enable CRUD of password information
2017-02-16 14:32:43,471 INFO  wx_passwordApp - 
2017-02-16 14:32:43,471 INFO  wx_passwordApp - log4cxx configuration successfully parsed
2017-02-16 14:34:53,539 INFO  wx_passwordApp - -- program start --
2017-02-16 14:34:53,539 INFO  wx_passwordApp - password storage project - fat client component
2017-02-16 14:34:53,539 INFO  wx_passwordApp - -------------------------------------------
2017-02-16 14:34:53,539 INFO  wx_passwordApp - wxWidgets fat client where target server is deployed at VPS which is online all the time
2017-02-16 14:34:53,540 INFO  wx_passwordApp - client needs to show stored passwords and enable CRUD of password information
2017-02-16 14:34:53,540 INFO  wx_passwordApp - 
2017-02-16 14:34:53,540 INFO  wx_passwordApp - log4cxx configuration successfully parsed
2017-02-16 14:35:04,701 INFO  wx_passwordApp - -- program start --
2017-02-16 14:35:04,701 INFO  wx_passwordApp - password storage project - fat client component
2017-02-16 14:35:04,701 INFO  wx_passwordApp - -------------------------------------------
2017-02-16 14:35:04,701 INFO  wx_passwordApp - wxWidgets fat client where target server is deployed at VPS which is online all the time
2017-02-16 14:35:04,702 INFO  wx_passwordApp - client needs to show stored passwords and enable CRUD of password information
2017-02-16 14:35:04,702 INFO  wx_passwordApp - 
2017-02-16 14:35:04,702 INFO  wx_passwordApp - log4cxx configuration successfully parsed
2017-02-16 14:37:42,748 INFO  wx_passwordApp - -- program start --
2017-02-16 14:37:42,748 INFO  wx_passwordApp - password storage project - fat client component
2017-02-16 14:37:42,748 INFO  wx_passwordApp - -------------------------------------------
2017-02-16 14:37:42,748 INFO  wx_passwordApp - wxWidgets fat client where target server is deployed at VPS which is online all the time
2017-02-16 14:37:42,748 INFO  wx_passwordApp - client needs to show stored passwords and enable CRUD of password information
2017-02-16 14:37:42,748 INFO  wx_passwordApp - 
2017-02-16 14:37:42,748 INFO  wx_passwordApp - log4cxx configuration successfully parsed
2017-02-16 14:39:55,226 INFO  wx_passwordApp - -- program start --
2017-02-16 14:39:55,226 INFO  wx_passwordApp - password storage project - fat client component
2017-02-16 14:39:55,226 INFO  wx_passwordApp - -------------------------------------------
2017-02-16 14:39:55,226 INFO  wx_passwordApp - wxWidgets fat client where target server is deployed at VPS which is online all the time
2017-02-16 14:39:55,227 INFO  wx_passwordApp - client needs to show stored passwords and enable CRUD of password information
2017-02-16 14:39:55,227 INFO  wx_passwordApp - 
2017-02-16 14:39:55,227 INFO  wx_passwordApp - log4cxx configuration successfully parsed
2017-02-16 14:39:56,409 INFO  wx_password_communicator - entered function set_server_ipv4_address()
2017-02-16 14:39:57,511 INFO  wx_password_communicator - entered function init_comm()
2017-02-16 14:39:57,512 INFO  wx_password_communicator - connecting to password_storage server at: localhost
2017-02-16 14:39:57,512 INFO  wx_password_communicator - entered function get_in_addr(struct sockaddr *sa)
2017-02-16 14:39:57,512 INFO  wx_password_communicator - client - connecting to password_storage server at: localhost
2017-02-16 14:39:57,512 INFO  wx_password_communicator - client - password_storage sent: I think this is good exercise!
2017-02-16 14:39:58,855 INFO  wx_password_communicator - entered function init_comm()
2017-02-16 14:39:58,855 INFO  wx_password_communicator - connecting to password_storage server at: localhost
2017-02-16 14:39:58,855 INFO  wx_password_communicator - entered function get_in_addr(struct sockaddr *sa)
2017-02-16 14:39:58,855 INFO  wx_password_communicator - client - connecting to password_storage server at: localhost
2017-02-16 14:39:58,855 INFO  wx_password_communicator - client - password_storage sent: I think this is good exercise!
2017-02-16 14:39:59,359 INFO  wx_password_communicator - entered function init_comm()
2017-02-16 14:39:59,359 INFO  wx_password_communicator - connecting to password_storage server at: localhost
2017-02-16 14:39:59,359 INFO  wx_password_communicator - entered function get_in_addr(struct sockaddr *sa)
2017-02-16 14:39:59,359 INFO  wx_password_communicator - client - connecting to password_storage server at: localhost
2017-02-16 14:39:59,359 INFO  wx_password_communicator - client - password_storage sent: I think this is good exercise!
2017-02-16 14:40:02,529 INFO  wx_password_communicator - entered function set_server_ipv4_address()
2017-02-16 14:40:04,047 INFO  wx_password_communicator - entered function init_comm()
2017-02-16 14:40:04,047 INFO  wx_password_communicator - connecting to password_storage server at: localhost
2017-02-16 14:40:04,048 INFO  wx_password_communicator - entered function get_in_addr(struct sockaddr *sa)
2017-02-16 14:40:04,048 INFO  wx_password_communicator - client - connecting to password_storage server at: localhost
2017-02-16 14:40:04,048 INFO  wx_password_communicator - client - password_storage sent: I think this is good exercise!
2017-02-16 14:40:04,679 INFO  wx_password_communicator - entered function init_comm()
2017-02-16 14:40:04,679 INFO  wx_password_communicator - connecting to password_storage server at: localhost
2017-02-16 14:40:04,679 INFO  wx_password_communicator - entered function get_in_addr(struct sockaddr *sa)
2017-02-16 14:40:04,679 INFO  wx_password_communicator - client - connecting to password_storage server at: localhost
2017-02-16 14:40:04,679 INFO  wx_password_communicator - client - password_storage sent: I think this is good exercise!
2017-02-16 14:40:05,175 INFO  wx_password_communicator - entered function init_comm()
2017-02-16 14:40:05,175 INFO  wx_password_communicator - connecting to password_storage server at: localhost
2017-02-16 14:40:05,175 INFO  wx_password_communicator - entered function get_in_addr(struct sockaddr *sa)
2017-02-16 14:40:05,176 INFO  wx_password_communicator - client - connecting to password_storage server at: localhost
2017-02-16 14:40:05,176 INFO  wx_password_communicator - client - password_storage sent: I think this is good exercise!
2017-02-16 14:40:09,023 INFO  wx_passwordApp - -- program start --
2017-02-16 14:40:09,023 INFO  wx_passwordApp - password storage project - fat client component
2017-02-16 14:40:09,023 INFO  wx_passwordApp - -------------------------------------------
2017-02-16 14:40:09,023 INFO  wx_passwordApp - wxWidgets fat client where target server is deployed at VPS which is online all the time
2017-02-16 14:40:09,023 INFO  wx_passwordApp - client needs to show stored passwords and enable CRUD of password information
2017-02-16 14:40:09,023 INFO  wx_passwordApp - 
2017-02-16 14:40:09,023 INFO  wx_passwordApp - log4cxx configuration successfully parsed
2017-02-16 14:40:10,329 INFO  wx_password_communicator - entered function set_server_ipv4_address()
2017-02-16 14:40:11,327 INFO  wx_password_communicator - entered function init_comm()
2017-02-16 14:40:11,327 INFO  wx_password_communicator - connecting to password_storage server at: localhost
2017-02-16 14:40:11,328 INFO  wx_password_communicator - entered function get_in_addr(struct sockaddr *sa)
2017-02-16 14:40:11,328 INFO  wx_password_communicator - client - connecting to password_storage server at: localhost
2017-02-16 14:40:11,328 INFO  wx_password_communicator - client - password_storage sent: I think this is good exercise!
2017-02-16 14:40:11,975 INFO  wx_password_communicator - entered function init_comm()
2017-02-16 14:40:11,975 INFO  wx_password_communicator - connecting to password_storage server at: localhost
2017-02-16 14:40:11,975 INFO  wx_password_communicator - entered function get_in_addr(struct sockaddr *sa)
2017-02-16 14:40:11,975 INFO  wx_password_communicator - client - connecting to password_storage server at: localhost
2017-02-16 14:40:11,975 INFO  wx_password_communicator - client - password_storage sent: I think this is good exercise!
2017-02-16 14:40:12,343 INFO  wx_password_communicator - entered function init_comm()
2017-02-16 14:40:12,343 INFO  wx_password_communicator - connecting to password_storage server at: localhost
2017-02-16 14:40:12,343 INFO  wx_password_communicator - entered function get_in_addr(struct sockaddr *sa)
2017-02-16 14:40:12,343 INFO  wx_password_communicator - client - connecting to password_storage server at: localhost
2017-02-16 14:40:12,343 INFO  wx_password_communicator - client - password_storage sent: I think this is good exercise!
2017-02-16 14:40:19,695 INFO  wx_password_communicator - entered function init_comm()
2017-02-16 14:40:19,696 INFO  wx_password_communicator - connecting to password_storage server at: localhost
2017-02-16 14:40:19,696 INFO  wx_password_communicator - entered function get_in_addr(struct sockaddr *sa)
2017-02-16 14:40:19,696 INFO  wx_password_communicator - client - connecting to password_storage server at: localhost
2017-02-16 14:40:19,696 INFO  wx_password_communicator - client - password_storage sent: I think this is good exercise!
2017-02-16 14:40:20,334 INFO  wx_password_communicator - entered function init_comm()
2017-02-16 14:40:20,335 INFO  wx_password_communicator - connecting to password_storage server at: localhost
2017-02-16 14:40:20,335 INFO  wx_password_communicator - entered function get_in_addr(struct sockaddr *sa)
2017-02-16 14:40:20,335 INFO  wx_password_communicator - client - connecting to password_storage server at: localhost
2017-02-16 14:40:20,335 INFO  wx_password_communicator - client - password_storage sent: I think this is good exercise!
2017-02-16 14:40:20,782 INFO  wx_password_communicator - entered function init_comm()
2017-02-16 14:40:20,783 INFO  wx_password_communicator - connecting to password_storage server at: localhost
2017-02-16 14:40:20,783 INFO  wx_password_communicator - entered function get_in_addr(struct sockaddr *sa)
2017-02-16 14:40:20,783 INFO  wx_password_communicator - client - connecting to password_storage server at: localhost
2017-02-16 14:40:20,783 INFO  wx_password_communicator - client - password_storage sent: I think this is good exercise!
2017-02-16 14:40:21,823 INFO  wx_password_communicator - entered function init_comm()
2017-02-16 14:40:21,823 INFO  wx_password_communicator - connecting to password_storage server at: localhost
2017-02-16 14:40:21,823 INFO  wx_password_communicator - entered function get_in_addr(struct sockaddr *sa)
2017-02-16 14:40:21,823 INFO  wx_password_communicator - client - connecting to password_storage server at: localhost
2017-02-16 14:40:21,823 INFO  wx_password_communicator - client - password_storage sent: I think this is good exercise!
