2018-01-07 15:34:24,874 INFO  wx_password_list - -- program start --
2018-01-07 15:34:24,874 INFO  wx_password_list - password storage project - fat client component
2018-01-07 15:34:24,874 INFO  wx_password_list - -------------------------------------------
2018-01-07 15:34:24,874 INFO  wx_password_list - wxWidgets fat client where target server is deployed at VPS which is online all the time
2018-01-07 15:34:24,874 INFO  wx_password_list - client needs to show stored passwords and enable CRUD of password information
2018-01-07 15:34:24,874 INFO  wx_password_list - 
2018-01-07 15:34:24,874 INFO  wx_password_list - log4cxx configuration successfully parsed
2018-01-07 15:34:24,874 INFO  wx_password_communicator - entered function set_server_ipv4_address()
2018-01-07 15:34:26,114 INFO  wx_password_communicator - entered function init_comm()
2018-01-07 15:34:26,114 INFO  wx_password_communicator - connecting to password_storage server at: 192.168.88.129
2018-01-07 15:34:47,118 INFO  wx_password_communicator - client - failed to connect to password_storage server at: 192.168.88.129
2018-01-07 15:34:47,124 INFO  wx_password_communicator - entered function init_comm()
2018-01-07 15:34:47,124 INFO  wx_password_communicator - connecting to password_storage server at: 192.168.88.129
2018-01-07 15:35:08,121 INFO  wx_password_communicator - client - failed to connect to password_storage server at: 192.168.88.129
2018-01-07 15:36:31,468 INFO  wx_password_list - -- program start --
2018-01-07 15:36:31,469 INFO  wx_password_list - password storage project - fat client component
2018-01-07 15:36:31,469 INFO  wx_password_list - -------------------------------------------
2018-01-07 15:36:31,469 INFO  wx_password_list - wxWidgets fat client where target server is deployed at VPS which is online all the time
2018-01-07 15:36:31,469 INFO  wx_password_list - client needs to show stored passwords and enable CRUD of password information
2018-01-07 15:36:31,469 INFO  wx_password_list - 
2018-01-07 15:36:31,469 INFO  wx_password_list - log4cxx configuration successfully parsed
2018-01-07 15:36:31,469 INFO  wx_password_communicator - entered function set_server_ipv4_address()
2018-01-07 15:36:32,761 INFO  wx_password_communicator - entered function init_comm()
2018-01-07 15:36:32,761 INFO  wx_password_communicator - connecting to password_storage server at: 192.168.149.128
2018-01-07 15:36:32,762 INFO  wx_password_communicator - entered function get_in_addr(struct sockaddr *sa)
2018-01-07 15:36:32,762 INFO  wx_password_communicator - client - connecting to password_storage server at: 192.168.149.128
2018-01-07 15:36:32,762 INFO  wx_password_communicator - client - sent to password_storage server: <list_all_passwords>
2018-01-07 15:38:15,755 INFO  wx_password_communicator - client - received from password_storage server: 
2018-01-07 15:39:54,515 INFO  wx_password_communicator - entered function init_comm()
2018-01-07 15:39:54,515 INFO  wx_password_communicator - connecting to password_storage server at: 192.168.149.128
2018-01-07 15:39:54,516 INFO  wx_password_communicator - entered function get_in_addr(struct sockaddr *sa)
2018-01-07 15:39:54,516 INFO  wx_password_communicator - client - connecting to password_storage server at: 192.168.149.128
2018-01-07 15:39:54,518 INFO  wx_password_communicator - client - sent to password_storage server: <list_all_passwords>
2018-01-07 15:41:26,395 INFO  wx_password_list - -- program start --
2018-01-07 15:41:26,395 INFO  wx_password_list - password storage project - fat client component
2018-01-07 15:41:26,395 INFO  wx_password_list - -------------------------------------------
2018-01-07 15:41:26,395 INFO  wx_password_list - wxWidgets fat client where target server is deployed at VPS which is online all the time
2018-01-07 15:41:26,395 INFO  wx_password_list - client needs to show stored passwords and enable CRUD of password information
2018-01-07 15:41:26,395 INFO  wx_password_list - 
2018-01-07 15:41:26,395 INFO  wx_password_list - log4cxx configuration successfully parsed
2018-01-07 15:41:26,395 INFO  wx_password_communicator - entered function set_server_ipv4_address()
2018-01-07 15:41:28,063 INFO  wx_password_communicator - entered function init_comm()
2018-01-07 15:41:28,063 INFO  wx_password_communicator - connecting to password_storage server at: 192.168.149.128
2018-01-07 15:41:28,064 INFO  wx_password_communicator - entered function get_in_addr(struct sockaddr *sa)
2018-01-07 15:41:28,064 INFO  wx_password_communicator - client - connecting to password_storage server at: 192.168.149.128
2018-01-07 15:41:28,065 INFO  wx_password_communicator - client - sent to password_storage server: <list_all_passwords>
2018-01-07 15:42:18,872 INFO  wx_password_communicator - client - received from password_storage server: 
2018-01-07 15:43:42,245 INFO  wx_password_communicator - entered function init_comm()
2018-01-07 15:43:42,245 INFO  wx_password_communicator - connecting to password_storage server at: 192.168.149.128
2018-01-07 15:43:42,245 INFO  wx_password_communicator - entered function get_in_addr(struct sockaddr *sa)
2018-01-07 15:43:42,245 INFO  wx_password_communicator - client - connecting to password_storage server at: 192.168.149.128
2018-01-07 15:43:42,245 INFO  wx_password_communicator - client - sent to password_storage server: <list_all_passwords>
2018-01-07 15:51:01,494 INFO  wx_password_list - -- program start --
2018-01-07 15:51:01,494 INFO  wx_password_list - password storage project - fat client component
2018-01-07 15:51:01,494 INFO  wx_password_list - -------------------------------------------
2018-01-07 15:51:01,494 INFO  wx_password_list - wxWidgets fat client where target server is deployed at VPS which is online all the time
2018-01-07 15:51:01,494 INFO  wx_password_list - client needs to show stored passwords and enable CRUD of password information
2018-01-07 15:51:01,494 INFO  wx_password_list - 
2018-01-07 15:51:01,494 INFO  wx_password_list - log4cxx configuration successfully parsed
2018-01-07 15:51:01,494 INFO  wx_password_communicator - entered function set_server_ipv4_address()
2018-01-07 15:51:03,123 INFO  wx_password_communicator - entered function init_comm()
2018-01-07 15:51:03,123 INFO  wx_password_communicator - connecting to password_storage server at: 192.168.149.128
2018-01-07 15:51:03,123 INFO  wx_password_communicator - entered function get_in_addr(struct sockaddr *sa)
2018-01-07 15:51:03,123 INFO  wx_password_communicator - client - connecting to password_storage server at: 192.168.149.128
2018-01-07 15:51:03,123 INFO  wx_password_communicator - client - sent to password_storage server: <list_all_passwords>
2018-01-07 15:51:39,059 INFO  wx_password_communicator - client - received from password_storage server: 
2018-03-06 19:52:26,767 INFO  wx_password_list - -- program start --
2018-03-06 19:52:26,767 INFO  wx_password_list - password storage project - fat client component
2018-03-06 19:52:26,767 INFO  wx_password_list - -------------------------------------------
2018-03-06 19:52:26,767 INFO  wx_password_list - wxWidgets fat client where target server is deployed at VPS which is online all the time
2018-03-06 19:52:26,767 INFO  wx_password_list - client needs to show stored passwords and enable CRUD of password information
2018-03-06 19:52:26,767 INFO  wx_password_list - 
2018-03-06 19:52:26,767 INFO  wx_password_list - log4cxx configuration successfully parsed
2018-03-06 19:52:26,767 INFO  wx_password_communicator - entered function set_server_ipv4_address()
2018-03-06 19:52:29,005 INFO  wx_password_communicator - entered function init_comm()
2018-03-06 19:52:29,005 INFO  wx_password_communicator - connecting to password_storage server at: 192.168.149.128
2018-03-06 19:52:50,001 INFO  wx_password_communicator - client - failed to connect to password_storage server at: 192.168.149.128
2018-03-06 19:54:15,926 INFO  wx_password_list - -- program start --
2018-03-06 19:54:15,926 INFO  wx_password_list - password storage project - fat client component
2018-03-06 19:54:15,926 INFO  wx_password_list - -------------------------------------------
2018-03-06 19:54:15,926 INFO  wx_password_list - wxWidgets fat client where target server is deployed at VPS which is online all the time
2018-03-06 19:54:15,926 INFO  wx_password_list - client needs to show stored passwords and enable CRUD of password information
2018-03-06 19:54:15,926 INFO  wx_password_list - 
2018-03-06 19:54:15,926 INFO  wx_password_list - log4cxx configuration successfully parsed
2018-03-06 19:54:15,926 INFO  wx_password_communicator - entered function set_server_ipv4_address()
2018-03-06 19:54:17,850 INFO  wx_password_communicator - entered function init_comm()
2018-03-06 19:54:17,850 INFO  wx_password_communicator - connecting to password_storage server at: 192.168.149.129
2018-03-06 19:55:18,568 INFO  wx_password_list - -- program start --
2018-03-06 19:55:18,568 INFO  wx_password_list - password storage project - fat client component
2018-03-06 19:55:18,568 INFO  wx_password_list - -------------------------------------------
2018-03-06 19:55:18,568 INFO  wx_password_list - wxWidgets fat client where target server is deployed at VPS which is online all the time
2018-03-06 19:55:18,568 INFO  wx_password_list - client needs to show stored passwords and enable CRUD of password information
2018-03-06 19:55:18,568 INFO  wx_password_list - 
2018-03-06 19:55:18,568 INFO  wx_password_list - log4cxx configuration successfully parsed
2018-03-06 19:55:18,568 INFO  wx_password_communicator - entered function set_server_ipv4_address()
2018-03-06 19:55:20,121 INFO  wx_password_communicator - entered function init_comm()
2018-03-06 19:55:20,121 INFO  wx_password_communicator - connecting to password_storage server at: 192.168.149.129
2018-03-06 19:55:41,123 INFO  wx_password_communicator - client - failed to connect to password_storage server at: 192.168.149.129
2018-03-06 19:56:37,300 INFO  wx_password_list - -- program start --
2018-03-06 19:56:37,300 INFO  wx_password_list - password storage project - fat client component
2018-03-06 19:56:37,300 INFO  wx_password_list - -------------------------------------------
2018-03-06 19:56:37,300 INFO  wx_password_list - wxWidgets fat client where target server is deployed at VPS which is online all the time
2018-03-06 19:56:37,300 INFO  wx_password_list - client needs to show stored passwords and enable CRUD of password information
2018-03-06 19:56:37,300 INFO  wx_password_list - 
2018-03-06 19:56:37,300 INFO  wx_password_list - log4cxx configuration successfully parsed
2018-03-06 19:56:37,300 INFO  wx_password_communicator - entered function set_server_ipv4_address()
2018-03-06 19:56:39,249 INFO  wx_password_communicator - entered function init_comm()
2018-03-06 19:56:39,249 INFO  wx_password_communicator - connecting to password_storage server at: 192.168.88.129
2018-03-06 19:56:39,249 INFO  wx_password_communicator - entered function get_in_addr(struct sockaddr *sa)
2018-03-06 19:56:39,249 INFO  wx_password_communicator - client - connecting to password_storage server at: 192.168.88.129
2018-03-06 19:56:39,249 INFO  wx_password_communicator - client - sent to password_storage server: <list_all_passwords>
2018-03-06 19:59:15,256 INFO  wx_password_list - -- program start --
2018-03-06 19:59:15,256 INFO  wx_password_list - password storage project - fat client component
2018-03-06 19:59:15,256 INFO  wx_password_list - -------------------------------------------
2018-03-06 19:59:15,256 INFO  wx_password_list - wxWidgets fat client where target server is deployed at VPS which is online all the time
2018-03-06 19:59:15,256 INFO  wx_password_list - client needs to show stored passwords and enable CRUD of password information
2018-03-06 19:59:15,256 INFO  wx_password_list - 
2018-03-06 19:59:15,256 INFO  wx_password_list - log4cxx configuration successfully parsed
2018-03-06 19:59:15,256 INFO  wx_password_communicator - entered function set_server_ipv4_address()
2018-03-06 19:59:28,214 INFO  wx_password_communicator - entered function init_comm()
2018-03-06 19:59:28,214 INFO  wx_password_communicator - connecting to password_storage server at: 192.168.88.129
2018-03-06 19:59:28,214 INFO  wx_password_communicator - entered function get_in_addr(struct sockaddr *sa)
2018-03-06 19:59:28,214 INFO  wx_password_communicator - client - connecting to password_storage server at: 192.168.88.129
2018-03-06 19:59:28,214 INFO  wx_password_communicator - client - sent to password_storage server: <list_all_passwords>
2018-03-06 20:00:14,307 INFO  wx_password_list - -- program start --
2018-03-06 20:00:14,308 INFO  wx_password_list - password storage project - fat client component
2018-03-06 20:00:14,308 INFO  wx_password_list - -------------------------------------------
2018-03-06 20:00:14,308 INFO  wx_password_list - wxWidgets fat client where target server is deployed at VPS which is online all the time
2018-03-06 20:00:14,308 INFO  wx_password_list - client needs to show stored passwords and enable CRUD of password information
2018-03-06 20:00:14,308 INFO  wx_password_list - 
2018-03-06 20:00:14,308 INFO  wx_password_list - log4cxx configuration successfully parsed
2018-03-06 20:00:14,308 INFO  wx_password_communicator - entered function set_server_ipv4_address()
2018-03-06 20:00:15,640 INFO  wx_password_communicator - entered function init_comm()
2018-03-06 20:00:15,640 INFO  wx_password_communicator - connecting to password_storage server at: 192.168.88.129
2018-03-06 20:00:15,642 INFO  wx_password_communicator - entered function get_in_addr(struct sockaddr *sa)
2018-03-06 20:00:15,642 INFO  wx_password_communicator - client - connecting to password_storage server at: 192.168.88.129
2018-03-06 20:00:15,643 INFO  wx_password_communicator - client - sent to password_storage server: <list_all_passwords>
2018-03-06 20:01:15,124 INFO  wx_password_list - -- program start --
2018-03-06 20:01:15,124 INFO  wx_password_list - password storage project - fat client component
2018-03-06 20:01:15,124 INFO  wx_password_list - -------------------------------------------
2018-03-06 20:01:15,124 INFO  wx_password_list - wxWidgets fat client where target server is deployed at VPS which is online all the time
2018-03-06 20:01:15,124 INFO  wx_password_list - client needs to show stored passwords and enable CRUD of password information
2018-03-06 20:01:15,125 INFO  wx_password_list - 
2018-03-06 20:01:15,125 INFO  wx_password_list - log4cxx configuration successfully parsed
2018-03-06 20:01:15,125 INFO  wx_password_communicator - entered function set_server_ipv4_address()
2018-03-06 20:01:16,569 INFO  wx_password_communicator - entered function init_comm()
2018-03-06 20:01:16,569 INFO  wx_password_communicator - connecting to password_storage server at: 192.168.88.129
2018-03-06 20:01:16,570 INFO  wx_password_communicator - entered function get_in_addr(struct sockaddr *sa)
2018-03-06 20:01:16,570 INFO  wx_password_communicator - client - connecting to password_storage server at: 192.168.88.129
2018-03-06 20:01:29,620 INFO  wx_password_communicator - client - sent to password_storage server: <list_all_passwords>
2018-03-06 20:01:59,861 INFO  wx_password_list - -- program start --
2018-03-06 20:01:59,861 INFO  wx_password_list - password storage project - fat client component
2018-03-06 20:01:59,861 INFO  wx_password_list - -------------------------------------------
2018-03-06 20:01:59,861 INFO  wx_password_list - wxWidgets fat client where target server is deployed at VPS which is online all the time
2018-03-06 20:01:59,861 INFO  wx_password_list - client needs to show stored passwords and enable CRUD of password information
2018-03-06 20:01:59,861 INFO  wx_password_list - 
2018-03-06 20:01:59,861 INFO  wx_password_list - log4cxx configuration successfully parsed
2018-03-06 20:01:59,861 INFO  wx_password_communicator - entered function set_server_ipv4_address()
2018-03-06 20:02:01,625 INFO  wx_password_communicator - entered function init_comm()
2018-03-06 20:02:01,625 INFO  wx_password_communicator - connecting to password_storage server at: 192.168.88.129
2018-03-06 20:02:01,626 INFO  wx_password_communicator - entered function get_in_addr(struct sockaddr *sa)
2018-03-06 20:02:01,626 INFO  wx_password_communicator - client - connecting to password_storage server at: 192.168.88.129
2018-03-06 20:02:01,626 INFO  wx_password_communicator - client - sent to password_storage server: <list_all_passwords>
2018-03-06 20:04:05,695 INFO  wx_password_list - -- program start --
2018-03-06 20:04:05,695 INFO  wx_password_list - password storage project - fat client component
2018-03-06 20:04:05,695 INFO  wx_password_list - -------------------------------------------
2018-03-06 20:04:05,695 INFO  wx_password_list - wxWidgets fat client where target server is deployed at VPS which is online all the time
2018-03-06 20:04:05,695 INFO  wx_password_list - client needs to show stored passwords and enable CRUD of password information
2018-03-06 20:04:05,695 INFO  wx_password_list - 
2018-03-06 20:04:05,695 INFO  wx_password_list - log4cxx configuration successfully parsed
2018-03-06 20:04:05,695 INFO  wx_password_communicator - entered function set_server_ipv4_address()
2018-03-06 20:04:07,698 INFO  wx_password_communicator - entered function init_comm()
2018-03-06 20:04:07,698 INFO  wx_password_communicator - connecting to password_storage server at: 192.168.88.129
2018-03-06 20:04:07,699 INFO  wx_password_communicator - entered function get_in_addr(struct sockaddr *sa)
2018-03-06 20:04:07,699 INFO  wx_password_communicator - client - connecting to password_storage server at: 192.168.88.129
2018-03-06 20:04:07,699 INFO  wx_password_communicator - client - sent to password_storage server: <list_all_passwords>
2018-03-06 20:34:09,655 INFO  wx_password_list - -- program start --
2018-03-06 20:34:09,669 INFO  wx_password_list - password storage project - fat client component
2018-03-06 20:34:09,669 INFO  wx_password_list - -------------------------------------------
2018-03-06 20:34:09,669 INFO  wx_password_list - wxWidgets fat client where target server is deployed at VPS which is online all the time
2018-03-06 20:34:09,669 INFO  wx_password_list - client needs to show stored passwords and enable CRUD of password information
2018-03-06 20:34:09,669 INFO  wx_password_list - 
2018-03-06 20:34:09,669 INFO  wx_password_list - log4cxx configuration successfully parsed
2018-03-06 20:34:09,669 INFO  wx_password_communicator - entered function set_server_ipv4_address()
2018-03-06 20:34:10,875 INFO  wx_password_communicator - entered function init_comm()
2018-03-06 20:34:10,875 INFO  wx_password_communicator - connecting to password_storage server at: 192.168.88.129
2018-03-06 20:34:10,875 INFO  wx_password_communicator - entered function get_in_addr(struct sockaddr *sa)
2018-03-06 20:34:10,876 INFO  wx_password_communicator - client - connecting to password_storage server at: 192.168.88.129
2018-03-06 20:34:10,876 INFO  wx_password_communicator - client - sent to password_storage server: <list_all_passwords>
2018-03-06 20:42:19,255 INFO  wx_password_list - -- program start --
2018-03-06 20:42:19,255 INFO  wx_password_list - password storage project - fat client component
2018-03-06 20:42:19,255 INFO  wx_password_list - -------------------------------------------
2018-03-06 20:42:19,255 INFO  wx_password_list - wxWidgets fat client where target server is deployed at VPS which is online all the time
2018-03-06 20:42:19,255 INFO  wx_password_list - client needs to show stored passwords and enable CRUD of password information
2018-03-06 20:42:19,255 INFO  wx_password_list - 
2018-03-06 20:42:19,255 INFO  wx_password_list - log4cxx configuration successfully parsed
2018-03-06 20:42:19,255 INFO  wx_password_communicator - entered function set_server_ipv4_address()
2018-03-06 20:42:20,612 INFO  wx_password_communicator - entered function init_comm()
2018-03-06 20:42:20,612 INFO  wx_password_communicator - connecting to password_storage server at: 192.168.88.129
2018-03-06 20:42:20,612 INFO  wx_password_communicator - entered function get_in_addr(struct sockaddr *sa)
2018-03-06 20:42:20,612 INFO  wx_password_communicator - client - connecting to password_storage server at: 192.168.88.129
2018-03-06 20:42:20,613 INFO  wx_password_communicator - client - sent to password_storage server: ???<?xml version="1.0" encoding="UTF-8"?><list_all_passwords>
2018-03-06 20:42:45,125 INFO  wx_password_communicator - client - received from password_storage server: <?xml version="1.0" encoding="UTF-8"?><password_list></password_list>
2018-03-17 14:00:00,851 INFO  wx_password_list - -- program start --
2018-03-17 14:00:00,853 INFO  wx_password_list - password storage project - fat client component
2018-03-17 14:00:00,853 INFO  wx_password_list - -------------------------------------------
2018-03-17 14:00:00,853 INFO  wx_password_list - wxWidgets fat client where target server is deployed at VPS which is online all the time
2018-03-17 14:00:00,853 INFO  wx_password_list - client needs to show stored passwords and enable CRUD of password information
2018-03-17 14:00:00,853 INFO  wx_password_list - 
2018-03-17 14:00:00,853 INFO  wx_password_list - log4cxx configuration successfully parsed
2018-03-17 14:00:00,853 INFO  wx_password_communicator - entered function set_server_ipv4_address()
2018-03-17 14:00:03,022 INFO  wx_password_communicator - entered function init_comm()
2018-03-17 14:00:03,022 INFO  wx_password_communicator - connecting to password_storage server at: 192.168.149.128
2018-03-17 14:00:03,024 INFO  wx_password_communicator - entered function get_in_addr(struct sockaddr *sa)
2018-03-17 14:00:03,024 INFO  wx_password_communicator - client - connecting to password_storage server at: 192.168.149.128
2018-03-17 14:00:03,026 INFO  wx_password_communicator - client - sent to password_storage server: ???<?xml version="1.0" encoding="UTF-8"?><list_all_passwords>
2018-03-17 14:00:03,026 INFO  wx_password_communicator - client - received from password_storage server: <?xml version="1.0" encoding="UTF-8"?><password_list></password_list>
2018-03-17 14:00:40,630 INFO  wx_password_communicator - entered function init_comm()
2018-03-17 14:00:40,630 INFO  wx_password_communicator - connecting to password_storage server at: 192.168.149.128
2018-03-17 14:00:40,631 INFO  wx_password_communicator - entered function get_in_addr(struct sockaddr *sa)
2018-03-17 14:00:40,632 INFO  wx_password_communicator - client - connecting to password_storage server at: 192.168.149.128
2018-03-17 14:00:40,634 INFO  wx_password_communicator - client - sent to password_storage server: ???<?xml version="1.0" encoding="UTF-8"?><list_all_passwords>
2018-03-17 14:01:34,102 INFO  wx_password_communicator - client - received from password_storage server: 
2018-03-17 14:01:34,111 INFO  wx_password_communicator - entered function init_comm()
2018-03-17 14:01:34,112 INFO  wx_password_communicator - connecting to password_storage server at: 192.168.149.128
2018-03-17 14:01:34,112 INFO  wx_password_communicator - client - failed to connect to password_storage server at: 192.168.149.128
2018-03-17 14:01:43,593 INFO  wx_password_list - -- program start --
2018-03-17 14:01:43,593 INFO  wx_password_list - password storage project - fat client component
2018-03-17 14:01:43,593 INFO  wx_password_list - -------------------------------------------
2018-03-17 14:01:43,593 INFO  wx_password_list - wxWidgets fat client where target server is deployed at VPS which is online all the time
2018-03-17 14:01:43,593 INFO  wx_password_list - client needs to show stored passwords and enable CRUD of password information
2018-03-17 14:01:43,593 INFO  wx_password_list - 
2018-03-17 14:01:43,593 INFO  wx_password_list - log4cxx configuration successfully parsed
2018-03-17 14:01:43,593 INFO  wx_password_communicator - entered function set_server_ipv4_address()
2018-03-17 14:02:02,878 INFO  wx_password_communicator - entered function init_comm()
2018-03-17 14:02:02,878 INFO  wx_password_communicator - connecting to password_storage server at: 192.168.149.128
2018-03-17 14:02:02,878 INFO  wx_password_communicator - entered function get_in_addr(struct sockaddr *sa)
2018-03-17 14:02:02,878 INFO  wx_password_communicator - client - connecting to password_storage server at: 192.168.149.128
2018-03-17 14:02:02,879 INFO  wx_password_communicator - client - sent to password_storage server: ???<?xml version="1.0" encoding="UTF-8"?><list_all_passwords>
2018-03-17 14:06:01,223 INFO  wx_password_communicator - client - received from password_storage server: <?xml version="1.0" encoding="UTF-8"?><password_list></password_list>
2018-04-14 21:33:02,747 INFO  wx_password_list - -- program start --
2018-04-14 21:33:02,748 INFO  wx_password_list - password storage project - fat client component
2018-04-14 21:33:02,748 INFO  wx_password_list - -------------------------------------------
2018-04-14 21:33:02,748 INFO  wx_password_list - wxWidgets fat client where target server is deployed at VPS which is online all the time
2018-04-14 21:33:02,748 INFO  wx_password_list - client needs to show stored passwords and enable CRUD of password information
2018-04-14 21:33:02,748 INFO  wx_password_list - 
2018-04-14 21:33:02,748 INFO  wx_password_list - log4cxx configuration successfully parsed
2018-04-14 21:33:02,748 INFO  wx_password_communicator - entered function set_server_ipv4_address()
2018-04-14 21:33:06,584 INFO  wx_password_communicator - entered function init_comm()
2018-04-14 21:33:06,584 INFO  wx_password_communicator - connecting to password_storage server at: 192.168.149.128
2018-04-14 21:33:06,584 INFO  wx_password_communicator - entered function get_in_addr(struct sockaddr *sa)
2018-04-14 21:33:06,584 INFO  wx_password_communicator - client - connecting to password_storage server at: 192.168.149.128
2018-04-14 21:33:06,585 INFO  wx_password_communicator - client - sent to password_storage server: ???<?xml version="1.0" encoding="UTF-8"?><list_all_passwords>
2018-04-14 21:33:06,585 INFO  wx_password_communicator - client - received from password_storage server: <?xml version="1.0" encoding="UTF-8"?><password_list></password_list>
2018-04-14 21:33:29,641 INFO  wx_password_communicator - entered function init_comm()
2018-04-14 21:33:29,642 INFO  wx_password_communicator - connecting to password_storage server at: 192.168.149.128
2018-04-14 21:33:29,642 INFO  wx_password_communicator - entered function get_in_addr(struct sockaddr *sa)
2018-04-14 21:33:29,642 INFO  wx_password_communicator - client - connecting to password_storage server at: 192.168.149.128
2018-04-14 21:33:29,642 INFO  wx_password_communicator - client - sent to password_storage server: ???<?xml version="1.0" encoding="UTF-8"?><list_all_passwords>
2018-04-14 21:54:27,910 INFO  wx_password_list - -- program start --
2018-04-14 21:54:27,910 INFO  wx_password_list - password storage project - fat client component
2018-04-14 21:54:27,910 INFO  wx_password_list - -------------------------------------------
2018-04-14 21:54:27,910 INFO  wx_password_list - wxWidgets fat client where target server is deployed at VPS which is online all the time
2018-04-14 21:54:27,910 INFO  wx_password_list - client needs to show stored passwords and enable CRUD of password information
2018-04-14 21:54:27,910 INFO  wx_password_list - 
2018-04-14 21:54:27,910 INFO  wx_password_list - log4cxx configuration successfully parsed
2018-04-14 21:54:27,910 INFO  wx_password_communicator - entered function set_server_ipv4_address()
2018-04-14 21:54:30,144 INFO  wx_password_communicator - entered function init_comm()
2018-04-14 21:54:30,145 INFO  wx_password_communicator - connecting to password_storage server at: 192.168.149.128
2018-04-14 21:54:30,145 INFO  wx_password_communicator - entered function get_in_addr(struct sockaddr *sa)
2018-04-14 21:54:30,145 INFO  wx_password_communicator - client - connecting to password_storage server at: 192.168.149.128
2018-04-14 21:54:30,145 INFO  wx_password_communicator - client - sent to password_storage server: ???<?xml version="1.0" encoding="UTF-8"?><list_all_passwords>
2018-04-14 21:54:30,146 INFO  wx_password_communicator - client - received from password_storage server: <?xml version="1.0" encoding="UTF-8"?><password_list></password_list>
2018-04-14 21:55:10,169 INFO  wx_password_communicator - entered function init_comm()
2018-04-14 21:55:10,169 INFO  wx_password_communicator - connecting to password_storage server at: 192.168.149.128
2018-04-14 21:55:10,170 INFO  wx_password_communicator - entered function get_in_addr(struct sockaddr *sa)
2018-04-14 21:55:10,235 INFO  wx_password_communicator - client - connecting to password_storage server at: 192.168.149.128
2018-04-14 21:55:10,236 INFO  wx_password_communicator - client - sent to password_storage server: ???<?xml version="1.0" encoding="UTF-8"?><list_all_passwords>
2018-04-14 21:55:40,137 INFO  wx_password_communicator - client - received from password_storage server: 
2018-04-18 18:40:52,240 INFO  wx_password_list - -- program start --
2018-04-18 18:40:52,240 INFO  wx_password_list - password storage project - fat client component
2018-04-18 18:40:52,240 INFO  wx_password_list - -------------------------------------------
2018-04-18 18:40:52,240 INFO  wx_password_list - wxWidgets fat client where target server is deployed at VPS which is online all the time
2018-04-18 18:40:52,240 INFO  wx_password_list - client needs to show stored passwords and enable CRUD of password information
2018-04-18 18:40:52,240 INFO  wx_password_list - 
2018-04-18 18:40:52,240 INFO  wx_password_list - log4cxx configuration successfully parsed
2018-04-18 18:40:52,240 INFO  wx_password_communicator - entered function set_server_ipv4_address()
2018-04-18 18:40:54,076 INFO  wx_password_communicator - entered function init_comm()
2018-04-18 18:40:54,076 INFO  wx_password_communicator - connecting to password_storage server at: 192.168.88.129
2018-04-18 18:40:54,076 INFO  wx_password_communicator - entered function get_in_addr(struct sockaddr *sa)
2018-04-18 18:40:54,076 INFO  wx_password_communicator - client - connecting to password_storage server at: 192.168.88.129
2018-04-18 18:40:54,077 INFO  wx_password_communicator - client - sent to password_storage server: ???<?xml version="1.0" encoding="UTF-8"?><list_all_passwords>
2018-04-18 18:40:54,082 INFO  wx_password_communicator - client - received from password_storage server: <?xml version="1.0" encoding="UTF-8"?><password_list></password_list>
2018-04-18 18:41:02,628 INFO  wx_password_communicator - entered function init_comm()
2018-04-18 18:41:02,628 INFO  wx_password_communicator - connecting to password_storage server at: 192.168.88.129
2018-04-18 18:41:02,630 INFO  wx_password_communicator - entered function get_in_addr(struct sockaddr *sa)
2018-04-18 18:41:02,630 INFO  wx_password_communicator - client - connecting to password_storage server at: 192.168.88.129
2018-04-18 18:41:02,630 INFO  wx_password_communicator - client - sent to password_storage server: ???<?xml version="1.0" encoding="UTF-8"?><list_all_passwords>
2018-04-18 18:45:33,240 INFO  wx_password_list - -- program start --
2018-04-18 18:45:33,240 INFO  wx_password_list - password storage project - fat client component
2018-04-18 18:45:33,240 INFO  wx_password_list - -------------------------------------------
2018-04-18 18:45:33,240 INFO  wx_password_list - wxWidgets fat client where target server is deployed at VPS which is online all the time
2018-04-18 18:45:33,240 INFO  wx_password_list - client needs to show stored passwords and enable CRUD of password information
2018-04-18 18:45:33,240 INFO  wx_password_list - 
2018-04-18 18:45:33,240 INFO  wx_password_list - log4cxx configuration successfully parsed
2018-04-18 18:45:33,240 INFO  wx_password_communicator - entered function set_server_ipv4_address()
2018-04-18 18:46:13,413 INFO  wx_password_communicator - entered function init_comm()
2018-04-18 18:46:13,413 INFO  wx_password_communicator - connecting to password_storage server at: 192.168.88.129
2018-04-18 18:46:13,413 INFO  wx_password_communicator - entered function get_in_addr(struct sockaddr *sa)
2018-04-18 18:46:13,413 INFO  wx_password_communicator - client - connecting to password_storage server at: 192.168.88.129
2018-04-18 18:46:13,414 INFO  wx_password_communicator - client - sent to password_storage server: ???<?xml version="1.0" encoding="UTF-8"?><list_all_passwords>
2018-04-18 18:48:54,343 INFO  wx_password_communicator - client - received from password_storage server: <?xml version="1.0" encoding="UTF-8"?><password_list></password_list>
2018-04-18 18:49:24,013 INFO  wx_password_communicator - entered function init_comm()
2018-04-18 18:49:24,014 INFO  wx_password_communicator - connecting to password_storage server at: 192.168.88.129
2018-04-18 18:49:24,014 INFO  wx_password_communicator - entered function get_in_addr(struct sockaddr *sa)
2018-04-18 18:49:24,014 INFO  wx_password_communicator - client - connecting to password_storage server at: 192.168.88.129
2018-04-18 18:49:24,014 INFO  wx_password_communicator - client - sent to password_storage server: ???<?xml version="1.0" encoding="UTF-8"?><list_all_passwords>
2018-04-18 18:52:05,666 INFO  wx_password_communicator - client - received from password_storage server: 
2018-04-18 18:58:25,113 INFO  wx_password_list - -- program start --
2018-04-18 18:58:25,113 INFO  wx_password_list - password storage project - fat client component
2018-04-18 18:58:25,113 INFO  wx_password_list - -------------------------------------------
2018-04-18 18:58:25,113 INFO  wx_password_list - wxWidgets fat client where target server is deployed at VPS which is online all the time
2018-04-18 18:58:25,113 INFO  wx_password_list - client needs to show stored passwords and enable CRUD of password information
2018-04-18 18:58:25,113 INFO  wx_password_list - 
2018-04-18 18:58:25,113 INFO  wx_password_list - log4cxx configuration successfully parsed
2018-04-18 18:58:25,113 INFO  wx_password_communicator - entered function set_server_ipv4_address()
2018-04-18 18:58:26,342 INFO  wx_password_communicator - entered function init_comm()
2018-04-18 18:58:26,342 INFO  wx_password_communicator - connecting to password_storage server at: 192.168.88.129
2018-04-18 18:58:26,344 INFO  wx_password_communicator - entered function get_in_addr(struct sockaddr *sa)
2018-04-18 18:58:26,344 INFO  wx_password_communicator - client - connecting to password_storage server at: 192.168.88.129
2018-04-18 18:58:26,345 INFO  wx_password_communicator - client - sent to password_storage server: ???<?xml version="1.0" encoding="UTF-8"?><list_all_passwords>
2018-04-18 19:00:45,967 INFO  wx_password_communicator - client - received from password_storage server: <?xml version="1.0" encoding="UTF-8"?><password_list></password_list>
2018-04-18 19:00:59,110 INFO  wx_password_communicator - entered function init_comm()
2018-04-18 19:00:59,110 INFO  wx_password_communicator - connecting to password_storage server at: 192.168.88.129
2018-04-18 19:00:59,110 INFO  wx_password_communicator - entered function get_in_addr(struct sockaddr *sa)
2018-04-18 19:00:59,110 INFO  wx_password_communicator - client - connecting to password_storage server at: 192.168.88.129
2018-04-18 19:00:59,111 INFO  wx_password_communicator - client - sent to password_storage server: ???<?xml version="1.0" encoding="UTF-8"?><list_all_passwords>
2018-04-18 19:04:09,663 INFO  wx_password_communicator - client - received from password_storage server: 
2018-04-18 19:24:47,510 INFO  wx_password_list - -- program start --
2018-04-18 19:24:47,510 INFO  wx_password_list - password storage project - fat client component
2018-04-18 19:24:47,510 INFO  wx_password_list - -------------------------------------------
2018-04-18 19:24:47,510 INFO  wx_password_list - wxWidgets fat client where target server is deployed at VPS which is online all the time
2018-04-18 19:24:47,510 INFO  wx_password_list - client needs to show stored passwords and enable CRUD of password information
2018-04-18 19:24:47,510 INFO  wx_password_list - 
2018-04-18 19:24:47,510 INFO  wx_password_list - log4cxx configuration successfully parsed
2018-04-18 19:24:47,510 INFO  wx_password_communicator - entered function set_server_ipv4_address()
2018-04-18 19:24:49,063 INFO  wx_password_communicator - entered function init_comm()
2018-04-18 19:24:49,063 INFO  wx_password_communicator - connecting to password_storage server at: 192.168.88.129
2018-04-18 19:24:49,063 INFO  wx_password_communicator - entered function get_in_addr(struct sockaddr *sa)
2018-04-18 19:24:49,063 INFO  wx_password_communicator - client - connecting to password_storage server at: 192.168.88.129
2018-04-18 19:24:49,064 INFO  wx_password_communicator - client - sent to password_storage server: ???<?xml version="1.0" encoding="UTF-8"?><list_all_passwords>
2018-04-18 19:25:27,528 INFO  wx_password_communicator - client - received from password_storage server: 
2018-04-18 19:26:03,530 INFO  wx_password_list - -- program start --
2018-04-18 19:26:03,530 INFO  wx_password_list - password storage project - fat client component
2018-04-18 19:26:03,530 INFO  wx_password_list - -------------------------------------------
2018-04-18 19:26:03,530 INFO  wx_password_list - wxWidgets fat client where target server is deployed at VPS which is online all the time
2018-04-18 19:26:03,530 INFO  wx_password_list - client needs to show stored passwords and enable CRUD of password information
2018-04-18 19:26:03,530 INFO  wx_password_list - 
2018-04-18 19:26:03,530 INFO  wx_password_list - log4cxx configuration successfully parsed
2018-04-18 19:26:03,530 INFO  wx_password_communicator - entered function set_server_ipv4_address()
2018-04-18 19:26:04,999 INFO  wx_password_communicator - entered function init_comm()
2018-04-18 19:26:04,999 INFO  wx_password_communicator - connecting to password_storage server at: 192.168.88.129
2018-04-18 19:26:04,999 INFO  wx_password_communicator - entered function get_in_addr(struct sockaddr *sa)
2018-04-18 19:26:04,999 INFO  wx_password_communicator - client - connecting to password_storage server at: 192.168.88.129
2018-04-18 19:26:04,999 INFO  wx_password_communicator - client - sent to password_storage server: ???<?xml version="1.0" encoding="UTF-8"?><list_all_passwords>
2018-04-18 19:27:33,711 INFO  wx_password_communicator - client - received from password_storage server: <?xml version="1.0" encoding="UTF-8"?><password_list></password_list>
2018-04-18 19:30:46,551 INFO  wx_password_communicator - entered function init_comm()
2018-04-18 19:30:46,551 INFO  wx_password_communicator - connecting to password_storage server at: 192.168.88.129
2018-04-18 19:30:46,551 INFO  wx_password_communicator - entered function get_in_addr(struct sockaddr *sa)
2018-04-18 19:30:46,551 INFO  wx_password_communicator - client - connecting to password_storage server at: 192.168.88.129
2018-04-18 19:30:46,551 INFO  wx_password_communicator - client - sent to password_storage server: ???<?xml version="1.0" encoding="UTF-8"?><list_all_passwords>
2018-04-18 19:31:22,411 INFO  wx_password_communicator - client - received from password_storage server: <?xml version="1.0" encoding="UTF-8"?><password_list></password_list>
