INFO   (/home/sgnjidic/devel/cplusplus/password_storage/password_server/password_storage/main.cpp:37) - -- program start --
INFO   (/home/sgnjidic/devel/cplusplus/password_storage/password_server/password_storage/main.cpp:38) - password storage project - server component
INFO   (/home/sgnjidic/devel/cplusplus/password_storage/password_server/password_storage/main.cpp:39) - -------------------------------------------
INFO   (/home/sgnjidic/devel/cplusplus/password_storage/password_server/password_storage/main.cpp:40) - Linux server daemon where target deployment is VPS which is online all the time
INFO   (/home/sgnjidic/devel/cplusplus/password_storage/password_server/password_storage/main.cpp:41) - server needs to store passwords and communicate password information
INFO   (/home/sgnjidic/devel/cplusplus/password_storage/password_server/password_storage/main.cpp:42) - to clients, rich and thin
INFO   (/home/sgnjidic/devel/cplusplus/password_storage/password_server/password_storage/main.cpp:43) - 
INFO   (/home/sgnjidic/devel/cplusplus/password_storage/password_server/password_storage/main.cpp:46) - log4cxx configuration successfully parsed
INFO  Utility (/home/sgnjidic/devel/cplusplus/password_storage/password_server/password_storage/src/Utility.cpp:35) - opening sqlite database: /home/sgnjidic/devel/cplusplus/password_storage/password_storage.sql3
DEBUG Utility (/home/sgnjidic/devel/cplusplus/password_storage/password_server/password_storage/src/Utility.cpp:48) - Opened database successfully
INFO   (/home/sgnjidic/devel/cplusplus/password_storage/password_server/password_storage/main.cpp:57) - -- program end --
2016-04-12 12:55:44,733 INFO   - -- program start --
2016-04-12 12:55:44,733 INFO   - password storage project - server component
2016-04-12 12:55:44,733 INFO   - -------------------------------------------
2016-04-12 12:55:44,733 INFO   - Linux server daemon where target deployment is VPS which is online all the time
2016-04-12 12:55:44,733 INFO   - server needs to store passwords and communicate password information
2016-04-12 12:55:44,733 INFO   - to clients, rich and thin
2016-04-12 12:55:44,733 INFO   - 
2016-04-12 12:55:44,733 INFO   - log4cxx configuration successfully parsed
2016-04-12 12:55:44,733 INFO  Utility - opening sqlite database: /home/sgnjidic/devel/cplusplus/password_storage/password_storage.sql3
2016-04-12 12:55:44,733 DEBUG Utility - Opened database successfully
2016-04-12 12:55:44,733 INFO   - -- program end --
